[Thu Apr 30 09:39:40 EDT 2026] top-level
java.sql.SQLSyntaxErrorException: ORA-00942: table or view does not exist

https://docs.oracle.com/error-help/db/ora-00942/
	at oracle.jdbc.driver.T4CTTIoer11.processError(T4CTTIoer11.java:718)
	at oracle.jdbc.driver.T4CTTIoer11.processError(T4CTTIoer11.java:618)
	at oracle.jdbc.driver.T4C8Oall.processError(T4C8Oall.java:1372)
	at oracle.jdbc.driver.T4CTTIfun.receive(T4CTTIfun.java:975)
	at oracle.jdbc.driver.T4CTTIfun.doRPC(T4CTTIfun.java:237)
	at oracle.jdbc.driver.T4C8Oall.doOALL(T4C8Oall.java:524)
	at oracle.jdbc.driver.T4CPreparedStatement.doOall8(T4CPreparedStatement.java:298)
	at oracle.jdbc.driver.T4CPreparedStatement.executeForDescribe(T4CPreparedStatement.java:1257)
	at oracle.jdbc.driver.OracleStatement.prepareDefineBufferAndExecute(OracleStatement.java:1425)
	at oracle.jdbc.driver.OracleStatement.executeMaybeDescribe(OracleStatement.java:1299)
	at oracle.jdbc.driver.OracleStatement.executeSQLSelect(OracleStatement.java:1856)
	at oracle.jdbc.driver.OracleStatement.doExecuteWithTimeout(OracleStatement.java:1632)
	at oracle.jdbc.driver.OraclePreparedStatement.executeInternal(OraclePreparedStatement.java:3973)
	at oracle.jdbc.driver.OraclePreparedStatement.executeQuery(OraclePreparedStatement.java:4160)
	at oracle.jdbc.driver.OraclePreparedStatementWrapper.executeQuery(OraclePreparedStatementWrapper.java:1120)
	at CustomerUI.displayItems(CustomerUI.java:464)
	at CustomerUI.filterByMealType(CustomerUI.java:505)
	at CustomerUI.browseItems(CustomerUI.java:319)
	at CustomerUI.placeOrder(CustomerUI.java:238)
	at CustomerUI.handleGuest(CustomerUI.java:54)
	at CustomerUI.run(CustomerUI.java:29)
	at RestaurantApp.runApp(RestaurantApp.java:56)
	at RestaurantApp.main(RestaurantApp.java:34)
Caused by: Error : 942, Position : 154, SQL = SELECT m.itmid, m.name, m.itmtyp, COALESCE(ml.loc_pr, m.nat_pr) AS price FROM MenuItem m LEFT JOIN MILoc ml ON m.itmid = ml.itmid AND ml.loc_id = :1 JOIN MenuItemMealType mm ON m.itmid = mm.itmid AND mm.mltype = :2 ORDER BY m.itmtyp ASC, m.itmid ASC, Original SQL = SELECT m.itmid, m.name, m.itmtyp, COALESCE(ml.loc_pr, m.nat_pr) AS price FROM MenuItem m LEFT JOIN MILoc ml ON m.itmid = ml.itmid AND ml.loc_id = ? JOIN MenuItemMealType mm ON m.itmid = mm.itmid AND mm.mltype = ? ORDER BY m.itmtyp ASC, m.itmid ASC, Error Message = ORA-00942: table or view does not exist

	at oracle.jdbc.driver.T4CTTIoer11.processError(T4CTTIoer11.java:726)
	... 22 more

[Thu Apr 30 09:45:22 EDT 2026] top-level
java.sql.SQLSyntaxErrorException: ORA-00942: table or view does not exist

https://docs.oracle.com/error-help/db/ora-00942/
	at oracle.jdbc.driver.T4CTTIoer11.processError(T4CTTIoer11.java:718)
	at oracle.jdbc.driver.T4CTTIoer11.processError(T4CTTIoer11.java:618)
	at oracle.jdbc.driver.T4C8Oall.processError(T4C8Oall.java:1372)
	at oracle.jdbc.driver.T4CTTIfun.receive(T4CTTIfun.java:975)
	at oracle.jdbc.driver.T4CTTIfun.doRPC(T4CTTIfun.java:237)
	at oracle.jdbc.driver.T4C8Oall.doOALL(T4C8Oall.java:524)
	at oracle.jdbc.driver.T4CPreparedStatement.doOall8(T4CPreparedStatement.java:298)
	at oracle.jdbc.driver.T4CPreparedStatement.executeForDescribe(T4CPreparedStatement.java:1257)
	at oracle.jdbc.driver.OracleStatement.prepareDefineBufferAndExecute(OracleStatement.java:1425)
	at oracle.jdbc.driver.OracleStatement.executeMaybeDescribe(OracleStatement.java:1299)
	at oracle.jdbc.driver.OracleStatement.executeSQLSelect(OracleStatement.java:1856)
	at oracle.jdbc.driver.OracleStatement.doExecuteWithTimeout(OracleStatement.java:1632)
	at oracle.jdbc.driver.OraclePreparedStatement.executeInternal(OraclePreparedStatement.java:3973)
	at oracle.jdbc.driver.OraclePreparedStatement.executeQuery(OraclePreparedStatement.java:4160)
	at oracle.jdbc.driver.OraclePreparedStatementWrapper.executeQuery(OraclePreparedStatementWrapper.java:1120)
	at ManagementUI.salesReport(ManagementUI.java:125)
	at ManagementUI.run(ManagementUI.java:26)
	at RestaurantApp.runApp(RestaurantApp.java:57)
	at RestaurantApp.main(RestaurantApp.java:34)
Caused by: Error : 942, Position : 138, SQL = SELECT l.loc_id, l.city, l.state, COUNT(DISTINCT o.ord_id) AS ord_count, SUM(get_item_price(oi.itmid, l.loc_id) * oi.qty) AS revenue FROM Loc l LEFT JOIN Orders o ON l.loc_id = o.loc_id LEFT JOIN OrdMItm oi ON o.ord_id = oi.ord_id GROUP BY l.loc_id, l.city, l.state ORDER BY revenue DESC NULLS LAST, Original SQL = SELECT l.loc_id, l.city, l.state, COUNT(DISTINCT o.ord_id) AS ord_count, SUM(get_item_price(oi.itmid, l.loc_id) * oi.qty) AS revenue FROM Loc l LEFT JOIN Orders o ON l.loc_id = o.loc_id LEFT JOIN OrdMItm oi ON o.ord_id = oi.ord_id GROUP BY l.loc_id, l.city, l.state ORDER BY revenue DESC NULLS LAST, Error Message = ORA-00942: table or view does not exist

	at oracle.jdbc.driver.T4CTTIoer11.processError(T4CTTIoer11.java:726)
	... 18 more

[Thu Apr 30 09:48:40 EDT 2026] top-level
java.sql.SQLSyntaxErrorException: ORA-00942: table or view does not exist

https://docs.oracle.com/error-help/db/ora-00942/
	at oracle.jdbc.driver.T4CTTIoer11.processError(T4CTTIoer11.java:718)
	at oracle.jdbc.driver.T4CTTIoer11.processError(T4CTTIoer11.java:618)
	at oracle.jdbc.driver.T4C8Oall.processError(T4C8Oall.java:1372)
	at oracle.jdbc.driver.T4CTTIfun.receive(T4CTTIfun.java:975)
	at oracle.jdbc.driver.T4CTTIfun.doRPC(T4CTTIfun.java:237)
	at oracle.jdbc.driver.T4C8Oall.doOALL(T4C8Oall.java:524)
	at oracle.jdbc.driver.T4CPreparedStatement.doOall8(T4CPreparedStatement.java:298)
	at oracle.jdbc.driver.T4CPreparedStatement.executeForDescribe(T4CPreparedStatement.java:1257)
	at oracle.jdbc.driver.OracleStatement.prepareDefineBufferAndExecute(OracleStatement.java:1425)
	at oracle.jdbc.driver.OracleStatement.executeMaybeDescribe(OracleStatement.java:1299)
	at oracle.jdbc.driver.OracleStatement.executeSQLSelect(OracleStatement.java:1856)
	at oracle.jdbc.driver.OracleStatement.doExecuteWithTimeout(OracleStatement.java:1632)
	at oracle.jdbc.driver.OraclePreparedStatement.executeInternal(OraclePreparedStatement.java:3973)
	at oracle.jdbc.driver.OraclePreparedStatement.executeQuery(OraclePreparedStatement.java:4160)
	at oracle.jdbc.driver.OraclePreparedStatementWrapper.executeQuery(OraclePreparedStatementWrapper.java:1120)
	at ManagementUI.salesReport(ManagementUI.java:125)
	at ManagementUI.run(ManagementUI.java:26)
	at RestaurantApp.runApp(RestaurantApp.java:57)
	at RestaurantApp.main(RestaurantApp.java:34)
Caused by: Error : 942, Position : 138, SQL = SELECT l.loc_id, l.city, l.state, COUNT(DISTINCT o.ord_id) AS ord_count, SUM(get_item_price(oi.itmid, l.loc_id) * oi.qty) AS revenue FROM Loc l LEFT JOIN Orders o ON l.loc_id = o.loc_id LEFT JOIN OrdMItm oi ON o.ord_id = oi.ord_id GROUP BY l.loc_id, l.city, l.state ORDER BY revenue DESC NULLS LAST, Original SQL = SELECT l.loc_id, l.city, l.state, COUNT(DISTINCT o.ord_id) AS ord_count, SUM(get_item_price(oi.itmid, l.loc_id) * oi.qty) AS revenue FROM Loc l LEFT JOIN Orders o ON l.loc_id = o.loc_id LEFT JOIN OrdMItm oi ON o.ord_id = oi.ord_id GROUP BY l.loc_id, l.city, l.state ORDER BY revenue DESC NULLS LAST, Error Message = ORA-00942: table or view does not exist

	at oracle.jdbc.driver.T4CTTIoer11.processError(T4CTTIoer11.java:726)
	... 18 more

[Thu Apr 30 09:53:18 EDT 2026] top-level
java.sql.SQLException: ORA-06575: Package or function GET_ITEM_PRICE is in an invalid state

https://docs.oracle.com/error-help/db/ora-06575/
	at oracle.jdbc.driver.T4CTTIoer11.processError(T4CTTIoer11.java:718)
	at oracle.jdbc.driver.T4CTTIoer11.processError(T4CTTIoer11.java:618)
	at oracle.jdbc.driver.T4C8Oall.processError(T4C8Oall.java:1372)
	at oracle.jdbc.driver.T4CTTIfun.receive(T4CTTIfun.java:975)
	at oracle.jdbc.driver.T4CTTIfun.doRPC(T4CTTIfun.java:237)
	at oracle.jdbc.driver.T4C8Oall.doOALL(T4C8Oall.java:524)
	at oracle.jdbc.driver.T4CPreparedStatement.doOall8(T4CPreparedStatement.java:298)
	at oracle.jdbc.driver.T4CPreparedStatement.executeForDescribe(T4CPreparedStatement.java:1257)
	at oracle.jdbc.driver.OracleStatement.prepareDefineBufferAndExecute(OracleStatement.java:1425)
	at oracle.jdbc.driver.OracleStatement.executeMaybeDescribe(OracleStatement.java:1299)
	at oracle.jdbc.driver.OracleStatement.executeSQLSelect(OracleStatement.java:1856)
	at oracle.jdbc.driver.OracleStatement.doExecuteWithTimeout(OracleStatement.java:1632)
	at oracle.jdbc.driver.OraclePreparedStatement.executeInternal(OraclePreparedStatement.java:3973)
	at oracle.jdbc.driver.OraclePreparedStatement.executeQuery(OraclePreparedStatement.java:4160)
	at oracle.jdbc.driver.OraclePreparedStatementWrapper.executeQuery(OraclePreparedStatementWrapper.java:1120)
	at ManagementUI.salesReport(ManagementUI.java:125)
	at ManagementUI.run(ManagementUI.java:26)
	at RestaurantApp.runApp(RestaurantApp.java:57)
	at RestaurantApp.main(RestaurantApp.java:34)
Caused by: Error : 6575, Position : 77, SQL = SELECT l.loc_id, l.city, l.state, COUNT(DISTINCT o.ord_id) AS ord_count, SUM(get_item_price(oi.itmid, l.loc_id) * oi.qty) AS revenue FROM Location l LEFT JOIN Orders o ON l.loc_id = o.loc_id LEFT JOIN OrdMItm oi ON o.ord_id = oi.ord_id GROUP BY l.loc_id, l.city, l.state ORDER BY revenue DESC NULLS LAST, Original SQL = SELECT l.loc_id, l.city, l.state, COUNT(DISTINCT o.ord_id) AS ord_count, SUM(get_item_price(oi.itmid, l.loc_id) * oi.qty) AS revenue FROM Location l LEFT JOIN Orders o ON l.loc_id = o.loc_id LEFT JOIN OrdMItm oi ON o.ord_id = oi.ord_id GROUP BY l.loc_id, l.city, l.state ORDER BY revenue DESC NULLS LAST, Error Message = ORA-06575: Package or function GET_ITEM_PRICE is in an invalid state

	at oracle.jdbc.driver.T4CTTIoer11.processError(T4CTTIoer11.java:726)
	... 18 more

[Thu Apr 30 09:55:43 EDT 2026] top-level
java.sql.SQLException: ORA-06575: Package or function GET_ITEM_PRICE is in an invalid state

https://docs.oracle.com/error-help/db/ora-06575/
	at oracle.jdbc.driver.T4CTTIoer11.processError(T4CTTIoer11.java:718)
	at oracle.jdbc.driver.T4CTTIoer11.processError(T4CTTIoer11.java:618)
	at oracle.jdbc.driver.T4C8Oall.processError(T4C8Oall.java:1372)
	at oracle.jdbc.driver.T4CTTIfun.receive(T4CTTIfun.java:975)
	at oracle.jdbc.driver.T4CTTIfun.doRPC(T4CTTIfun.java:237)
	at oracle.jdbc.driver.T4C8Oall.doOALL(T4C8Oall.java:524)
	at oracle.jdbc.driver.T4CPreparedStatement.doOall8(T4CPreparedStatement.java:298)
	at oracle.jdbc.driver.T4CPreparedStatement.executeForDescribe(T4CPreparedStatement.java:1257)
	at oracle.jdbc.driver.OracleStatement.prepareDefineBufferAndExecute(OracleStatement.java:1425)
	at oracle.jdbc.driver.OracleStatement.executeMaybeDescribe(OracleStatement.java:1299)
	at oracle.jdbc.driver.OracleStatement.executeSQLSelect(OracleStatement.java:1856)
	at oracle.jdbc.driver.OracleStatement.doExecuteWithTimeout(OracleStatement.java:1632)
	at oracle.jdbc.driver.OraclePreparedStatement.executeInternal(OraclePreparedStatement.java:3973)
	at oracle.jdbc.driver.OraclePreparedStatement.executeQuery(OraclePreparedStatement.java:4160)
	at oracle.jdbc.driver.OraclePreparedStatementWrapper.executeQuery(OraclePreparedStatementWrapper.java:1120)
	at ManagementUI.salesReport(ManagementUI.java:125)
	at ManagementUI.run(ManagementUI.java:26)
	at RestaurantApp.runApp(RestaurantApp.java:57)
	at RestaurantApp.main(RestaurantApp.java:34)
Caused by: Error : 6575, Position : 77, SQL = SELECT l.loc_id, l.city, l.state, COUNT(DISTINCT o.ord_id) AS ord_count, SUM(get_item_price(oi.itmid, l.loc_id) * oi.qty) AS revenue FROM Location l LEFT JOIN Orders o ON l.loc_id = o.loc_id LEFT JOIN OrdMItm oi ON o.ord_id = oi.ord_id GROUP BY l.loc_id, l.city, l.state ORDER BY revenue DESC NULLS LAST, Original SQL = SELECT l.loc_id, l.city, l.state, COUNT(DISTINCT o.ord_id) AS ord_count, SUM(get_item_price(oi.itmid, l.loc_id) * oi.qty) AS revenue FROM Location l LEFT JOIN Orders o ON l.loc_id = o.loc_id LEFT JOIN OrdMItm oi ON o.ord_id = oi.ord_id GROUP BY l.loc_id, l.city, l.state ORDER BY revenue DESC NULLS LAST, Error Message = ORA-06575: Package or function GET_ITEM_PRICE is in an invalid state

	at oracle.jdbc.driver.T4CTTIoer11.processError(T4CTTIoer11.java:726)
	... 18 more

[Thu Apr 30 09:56:58 EDT 2026] top-level
java.sql.SQLException: ORA-06575: Package or function GET_ITEM_PRICE is in an invalid state

https://docs.oracle.com/error-help/db/ora-06575/
	at oracle.jdbc.driver.T4CTTIoer11.processError(T4CTTIoer11.java:718)
	at oracle.jdbc.driver.T4CTTIoer11.processError(T4CTTIoer11.java:618)
	at oracle.jdbc.driver.T4C8Oall.processError(T4C8Oall.java:1372)
	at oracle.jdbc.driver.T4CTTIfun.receive(T4CTTIfun.java:975)
	at oracle.jdbc.driver.T4CTTIfun.doRPC(T4CTTIfun.java:237)
	at oracle.jdbc.driver.T4C8Oall.doOALL(T4C8Oall.java:524)
	at oracle.jdbc.driver.T4CPreparedStatement.doOall8(T4CPreparedStatement.java:298)
	at oracle.jdbc.driver.T4CPreparedStatement.executeForDescribe(T4CPreparedStatement.java:1257)
	at oracle.jdbc.driver.OracleStatement.prepareDefineBufferAndExecute(OracleStatement.java:1425)
	at oracle.jdbc.driver.OracleStatement.executeMaybeDescribe(OracleStatement.java:1299)
	at oracle.jdbc.driver.OracleStatement.executeSQLSelect(OracleStatement.java:1856)
	at oracle.jdbc.driver.OracleStatement.doExecuteWithTimeout(OracleStatement.java:1632)
	at oracle.jdbc.driver.OraclePreparedStatement.executeInternal(OraclePreparedStatement.java:3973)
	at oracle.jdbc.driver.OraclePreparedStatement.executeQuery(OraclePreparedStatement.java:4160)
	at oracle.jdbc.driver.OraclePreparedStatementWrapper.executeQuery(OraclePreparedStatementWrapper.java:1120)
	at ManagementUI.salesReport(ManagementUI.java:125)
	at ManagementUI.run(ManagementUI.java:26)
	at RestaurantApp.runApp(RestaurantApp.java:57)
	at RestaurantApp.main(RestaurantApp.java:34)
Caused by: Error : 6575, Position : 77, SQL = SELECT l.loc_id, l.city, l.state, COUNT(DISTINCT o.ord_id) AS ord_count, SUM(get_item_price(oi.itmid, l.loc_id) * oi.qty) AS revenue FROM Location l LEFT JOIN Orders o ON l.loc_id = o.loc_id LEFT JOIN OrdMItm oi ON o.ord_id = oi.ord_id GROUP BY l.loc_id, l.city, l.state ORDER BY revenue DESC NULLS LAST, Original SQL = SELECT l.loc_id, l.city, l.state, COUNT(DISTINCT o.ord_id) AS ord_count, SUM(get_item_price(oi.itmid, l.loc_id) * oi.qty) AS revenue FROM Location l LEFT JOIN Orders o ON l.loc_id = o.loc_id LEFT JOIN OrdMItm oi ON o.ord_id = oi.ord_id GROUP BY l.loc_id, l.city, l.state ORDER BY revenue DESC NULLS LAST, Error Message = ORA-06575: Package or function GET_ITEM_PRICE is in an invalid state

	at oracle.jdbc.driver.T4CTTIoer11.processError(T4CTTIoer11.java:726)
	... 18 more

[Thu Apr 30 09:57:35 EDT 2026] top-level
java.sql.SQLException: ORA-06575: Package or function GET_ITEM_PRICE is in an invalid state

https://docs.oracle.com/error-help/db/ora-06575/
	at oracle.jdbc.driver.T4CTTIoer11.processError(T4CTTIoer11.java:718)
	at oracle.jdbc.driver.T4CTTIoer11.processError(T4CTTIoer11.java:618)
	at oracle.jdbc.driver.T4C8Oall.processError(T4C8Oall.java:1372)
	at oracle.jdbc.driver.T4CTTIfun.receive(T4CTTIfun.java:975)
	at oracle.jdbc.driver.T4CTTIfun.doRPC(T4CTTIfun.java:237)
	at oracle.jdbc.driver.T4C8Oall.doOALL(T4C8Oall.java:524)
	at oracle.jdbc.driver.T4CPreparedStatement.doOall8(T4CPreparedStatement.java:298)
	at oracle.jdbc.driver.T4CPreparedStatement.executeForDescribe(T4CPreparedStatement.java:1257)
	at oracle.jdbc.driver.OracleStatement.prepareDefineBufferAndExecute(OracleStatement.java:1425)
	at oracle.jdbc.driver.OracleStatement.executeMaybeDescribe(OracleStatement.java:1299)
	at oracle.jdbc.driver.OracleStatement.executeSQLSelect(OracleStatement.java:1856)
	at oracle.jdbc.driver.OracleStatement.doExecuteWithTimeout(OracleStatement.java:1632)
	at oracle.jdbc.driver.OraclePreparedStatement.executeInternal(OraclePreparedStatement.java:3973)
	at oracle.jdbc.driver.OraclePreparedStatement.executeQuery(OraclePreparedStatement.java:4160)
	at oracle.jdbc.driver.OraclePreparedStatementWrapper.executeQuery(OraclePreparedStatementWrapper.java:1120)
	at ManagementUI.salesReport(ManagementUI.java:125)
	at ManagementUI.run(ManagementUI.java:26)
	at RestaurantApp.runApp(RestaurantApp.java:57)
	at RestaurantApp.main(RestaurantApp.java:34)
Caused by: Error : 6575, Position : 77, SQL = SELECT l.loc_id, l.city, l.state, COUNT(DISTINCT o.ord_id) AS ord_count, SUM(get_item_price(oi.itmid, l.loc_id) * oi.qty) AS revenue FROM Location l LEFT JOIN Orders o ON l.loc_id = o.loc_id LEFT JOIN OrdMItm oi ON o.ord_id = oi.ord_id GROUP BY l.loc_id, l.city, l.state ORDER BY revenue DESC NULLS LAST, Original SQL = SELECT l.loc_id, l.city, l.state, COUNT(DISTINCT o.ord_id) AS ord_count, SUM(get_item_price(oi.itmid, l.loc_id) * oi.qty) AS revenue FROM Location l LEFT JOIN Orders o ON l.loc_id = o.loc_id LEFT JOIN OrdMItm oi ON o.ord_id = oi.ord_id GROUP BY l.loc_id, l.city, l.state ORDER BY revenue DESC NULLS LAST, Error Message = ORA-06575: Package or function GET_ITEM_PRICE is in an invalid state

	at oracle.jdbc.driver.T4CTTIoer11.processError(T4CTTIoer11.java:726)
	... 18 more

[Thu Apr 30 10:03:11 EDT 2026] top-level
java.sql.SQLException: ORA-06575: Package or function GET_ITEM_PRICE is in an invalid state

https://docs.oracle.com/error-help/db/ora-06575/
	at oracle.jdbc.driver.T4CTTIoer11.processError(T4CTTIoer11.java:718)
	at oracle.jdbc.driver.T4CTTIoer11.processError(T4CTTIoer11.java:618)
	at oracle.jdbc.driver.T4C8Oall.processError(T4C8Oall.java:1372)
	at oracle.jdbc.driver.T4CTTIfun.receive(T4CTTIfun.java:975)
	at oracle.jdbc.driver.T4CTTIfun.doRPC(T4CTTIfun.java:237)
	at oracle.jdbc.driver.T4C8Oall.doOALL(T4C8Oall.java:524)
	at oracle.jdbc.driver.T4CPreparedStatement.doOall8(T4CPreparedStatement.java:298)
	at oracle.jdbc.driver.T4CPreparedStatement.executeForDescribe(T4CPreparedStatement.java:1257)
	at oracle.jdbc.driver.OracleStatement.prepareDefineBufferAndExecute(OracleStatement.java:1425)
	at oracle.jdbc.driver.OracleStatement.executeMaybeDescribe(OracleStatement.java:1299)
	at oracle.jdbc.driver.OracleStatement.executeSQLSelect(OracleStatement.java:1856)
	at oracle.jdbc.driver.OracleStatement.doExecuteWithTimeout(OracleStatement.java:1632)
	at oracle.jdbc.driver.OraclePreparedStatement.executeInternal(OraclePreparedStatement.java:3973)
	at oracle.jdbc.driver.OraclePreparedStatement.executeQuery(OraclePreparedStatement.java:4160)
	at oracle.jdbc.driver.OraclePreparedStatementWrapper.executeQuery(OraclePreparedStatementWrapper.java:1120)
	at ManagementUI.salesReport(ManagementUI.java:125)
	at ManagementUI.run(ManagementUI.java:26)
	at RestaurantApp.runApp(RestaurantApp.java:57)
	at RestaurantApp.main(RestaurantApp.java:34)
Caused by: Error : 6575, Position : 77, SQL = SELECT l.loc_id, l.city, l.state, COUNT(DISTINCT o.ord_id) AS ord_count, SUM(get_item_price(oi.itmid, l.loc_id) * oi.qty) AS revenue FROM Location l LEFT JOIN Orders o ON l.loc_id = o.loc_id LEFT JOIN OrdMItm oi ON o.ord_id = oi.ord_id GROUP BY l.loc_id, l.city, l.state ORDER BY revenue DESC NULLS LAST, Original SQL = SELECT l.loc_id, l.city, l.state, COUNT(DISTINCT o.ord_id) AS ord_count, SUM(get_item_price(oi.itmid, l.loc_id) * oi.qty) AS revenue FROM Location l LEFT JOIN Orders o ON l.loc_id = o.loc_id LEFT JOIN OrdMItm oi ON o.ord_id = oi.ord_id GROUP BY l.loc_id, l.city, l.state ORDER BY revenue DESC NULLS LAST, Error Message = ORA-06575: Package or function GET_ITEM_PRICE is in an invalid state

	at oracle.jdbc.driver.T4CTTIoer11.processError(T4CTTIoer11.java:726)
	... 18 more

[Thu Apr 30 10:06:46 EDT 2026] top-level
java.sql.SQLException: ORA-06575: Package or function GET_ITEM_PRICE is in an invalid state

https://docs.oracle.com/error-help/db/ora-06575/
	at oracle.jdbc.driver.T4CTTIoer11.processError(T4CTTIoer11.java:718)
	at oracle.jdbc.driver.T4CTTIoer11.processError(T4CTTIoer11.java:618)
	at oracle.jdbc.driver.T4C8Oall.processError(T4C8Oall.java:1372)
	at oracle.jdbc.driver.T4CTTIfun.receive(T4CTTIfun.java:975)
	at oracle.jdbc.driver.T4CTTIfun.doRPC(T4CTTIfun.java:237)
	at oracle.jdbc.driver.T4C8Oall.doOALL(T4C8Oall.java:524)
	at oracle.jdbc.driver.T4CPreparedStatement.doOall8(T4CPreparedStatement.java:298)
	at oracle.jdbc.driver.T4CPreparedStatement.executeForDescribe(T4CPreparedStatement.java:1257)
	at oracle.jdbc.driver.OracleStatement.prepareDefineBufferAndExecute(OracleStatement.java:1425)
	at oracle.jdbc.driver.OracleStatement.executeMaybeDescribe(OracleStatement.java:1299)
	at oracle.jdbc.driver.OracleStatement.executeSQLSelect(OracleStatement.java:1856)
	at oracle.jdbc.driver.OracleStatement.doExecuteWithTimeout(OracleStatement.java:1632)
	at oracle.jdbc.driver.OraclePreparedStatement.executeInternal(OraclePreparedStatement.java:3973)
	at oracle.jdbc.driver.OraclePreparedStatement.executeQuery(OraclePreparedStatement.java:4160)
	at oracle.jdbc.driver.OraclePreparedStatementWrapper.executeQuery(OraclePreparedStatementWrapper.java:1120)
	at ManagementUI.salesReport(ManagementUI.java:125)
	at ManagementUI.run(ManagementUI.java:26)
	at RestaurantApp.runApp(RestaurantApp.java:57)
	at RestaurantApp.main(RestaurantApp.java:34)
Caused by: Error : 6575, Position : 77, SQL = SELECT l.loc_id, l.city, l.state, COUNT(DISTINCT o.ord_id) AS ord_count, SUM(get_item_price(oi.itmid, l.loc_id) * oi.qty) AS revenue FROM Location l LEFT JOIN Orders o ON l.loc_id = o.loc_id LEFT JOIN OrdMItm oi ON o.ord_id = oi.ord_id GROUP BY l.loc_id, l.city, l.state ORDER BY revenue DESC NULLS LAST, Original SQL = SELECT l.loc_id, l.city, l.state, COUNT(DISTINCT o.ord_id) AS ord_count, SUM(get_item_price(oi.itmid, l.loc_id) * oi.qty) AS revenue FROM Location l LEFT JOIN Orders o ON l.loc_id = o.loc_id LEFT JOIN OrdMItm oi ON o.ord_id = oi.ord_id GROUP BY l.loc_id, l.city, l.state ORDER BY revenue DESC NULLS LAST, Error Message = ORA-06575: Package or function GET_ITEM_PRICE is in an invalid state

	at oracle.jdbc.driver.T4CTTIoer11.processError(T4CTTIoer11.java:726)
	... 18 more

[Thu Apr 30 15:26:46 EDT 2026] top-level
java.sql.SQLSyntaxErrorException: ORA-00942: table or view does not exist

https://docs.oracle.com/error-help/db/ora-00942/
	at oracle.jdbc.driver.T4CTTIoer11.processError(T4CTTIoer11.java:718)
	at oracle.jdbc.driver.T4CTTIoer11.processError(T4CTTIoer11.java:618)
	at oracle.jdbc.driver.T4C8Oall.processError(T4C8Oall.java:1372)
	at oracle.jdbc.driver.T4CTTIfun.receive(T4CTTIfun.java:975)
	at oracle.jdbc.driver.T4CTTIfun.doRPC(T4CTTIfun.java:237)
	at oracle.jdbc.driver.T4C8Oall.doOALL(T4C8Oall.java:524)
	at oracle.jdbc.driver.T4CPreparedStatement.doOall8(T4CPreparedStatement.java:298)
	at oracle.jdbc.driver.T4CPreparedStatement.executeForDescribe(T4CPreparedStatement.java:1257)
	at oracle.jdbc.driver.OracleStatement.prepareDefineBufferAndExecute(OracleStatement.java:1425)
	at oracle.jdbc.driver.OracleStatement.executeMaybeDescribe(OracleStatement.java:1299)
	at oracle.jdbc.driver.OracleStatement.executeSQLSelect(OracleStatement.java:1856)
	at oracle.jdbc.driver.OracleStatement.doExecuteWithTimeout(OracleStatement.java:1632)
	at oracle.jdbc.driver.OraclePreparedStatement.executeInternal(OraclePreparedStatement.java:3973)
	at oracle.jdbc.driver.OraclePreparedStatement.executeQuery(OraclePreparedStatement.java:4160)
	at oracle.jdbc.driver.OraclePreparedStatementWrapper.executeQuery(OraclePreparedStatementWrapper.java:1120)
	at CustomerUI.enterNewCard(CustomerUI.java:724)
	at CustomerUI.handlePayment(CustomerUI.java:698)
	at CustomerUI.checkout(CustomerUI.java:594)
	at CustomerUI.browseItems(CustomerUI.java:339)
	at CustomerUI.placeOrder(CustomerUI.java:238)
	at CustomerUI.handleGuest(CustomerUI.java:54)
	at CustomerUI.run(CustomerUI.java:29)
	at RestaurantApp.runApp(RestaurantApp.java:56)
	at RestaurantApp.main(RestaurantApp.java:34)
Caused by: Error : 942, Position : 19, SQL = SELECT cc_num FROM CreditCard WHERE cc_num = :1 , Original SQL = SELECT cc_num FROM CreditCard WHERE cc_num = ?, Error Message = ORA-00942: table or view does not exist

	at oracle.jdbc.driver.T4CTTIoer11.processError(T4CTTIoer11.java:726)
	... 23 more

[Thu Apr 30 15:31:43 EDT 2026] top-level
java.sql.SQLException: ORA-20006: Online orders must have a pickup time
ORA-06512: at "BRC328.CHECK_ORDER_PICKUP_TIME", line 5
ORA-04088: error during execution of trigger 'BRC328.CHECK_ORDER_PICKUP_TIME'

https://docs.oracle.com/error-help/db/ora-20006/
	at oracle.jdbc.driver.T4CTTIoer11.processError(T4CTTIoer11.java:718)
	at oracle.jdbc.driver.T4CTTIoer11.processError(T4CTTIoer11.java:618)
	at oracle.jdbc.driver.T4C8Oall.processError(T4C8Oall.java:1372)
	at oracle.jdbc.driver.T4CTTIfun.receive(T4CTTIfun.java:975)
	at oracle.jdbc.driver.T4CTTIfun.doRPC(T4CTTIfun.java:237)
	at oracle.jdbc.driver.T4C8Oall.doOALL(T4C8Oall.java:524)
	at oracle.jdbc.driver.T4CPreparedStatement.doOall8(T4CPreparedStatement.java:298)
	at oracle.jdbc.driver.T4CPreparedStatement.executeForRows(T4CPreparedStatement.java:1510)
	at oracle.jdbc.driver.OracleStatement.executeSQLStatement(OracleStatement.java:2021)
	at oracle.jdbc.driver.OracleStatement.doExecuteWithTimeout(OracleStatement.java:1634)
	at oracle.jdbc.driver.OraclePreparedStatement.executeInternal(OraclePreparedStatement.java:3973)
	at oracle.jdbc.driver.OraclePreparedStatement.doExecuteLargeUpdate(OraclePreparedStatement.java:4339)
	at oracle.jdbc.driver.OraclePreparedStatement.executeLargeUpdate(OraclePreparedStatement.java:4316)
	at oracle.jdbc.driver.OraclePreparedStatement.executeUpdate(OraclePreparedStatement.java:4291)
	at oracle.jdbc.driver.OraclePreparedStatementWrapper.executeUpdate(OraclePreparedStatementWrapper.java:1007)
	at CustomerUI.checkout(CustomerUI.java:614)
	at CustomerUI.browseItems(CustomerUI.java:339)
	at CustomerUI.placeOrder(CustomerUI.java:238)
	at CustomerUI.customerHome(CustomerUI.java:193)
	at CustomerUI.run(CustomerUI.java:33)
	at RestaurantApp.runApp(RestaurantApp.java:56)
	at RestaurantApp.main(RestaurantApp.java:34)
Caused by: Error : 20006, Position : 92, SQL = INSERT INTO Orders (ord_id, placed, pickup, ordtyp, status, acc_id, loc_id, cc_num) VALUES (ord_seq.NEXTVAL, :1 , NULL, :2 , 'pending', :3 , :4 , :5 ) RETURNING ord_id INTO :6  [SQL INCLUDES EXPRESSIONS ADDED BY THE ORACLE JDBC DRIVER], Original SQL = INSERT INTO Orders (ord_id, placed, pickup, ordtyp, status, acc_id, loc_id, cc_num) VALUES (ord_seq.NEXTVAL, ?, NULL, ?, 'pending', ?, ?, ?) RETURNING ord_id INTO ?, Error Message = ORA-20006: Online orders must have a pickup time
ORA-06512: at "BRC328.CHECK_ORDER_PICKUP_TIME", line 5
ORA-04088: error during execution of trigger 'BRC328.CHECK_ORDER_PICKUP_TIME'

	at oracle.jdbc.driver.T4CTTIoer11.processError(T4CTTIoer11.java:726)
	... 21 more

[Fri May 01 03:47:52 EDT 2026] top-level
java.sql.SQLException: ORA-17003: Invalid column index
https://docs.oracle.com/error-help/db/ora-17003/
	at oracle.jdbc.driver.OraclePreparedStatement.setIntInternal(OraclePreparedStatement.java:5269)
	at oracle.jdbc.driver.OraclePreparedStatement.setInt(OraclePreparedStatement.java:5257)
	at oracle.jdbc.driver.OraclePreparedStatementWrapper.setInt(OraclePreparedStatementWrapper.java:213)
	at CustomerUI.showOrderItems(CustomerUI.java:967)
	at CustomerUI.orderHistory(CustomerUI.java:899)
	at CustomerUI.customerHome(CustomerUI.java:196)
	at CustomerUI.run(CustomerUI.java:33)
	at RestaurantApp.runApp(RestaurantApp.java:56)
	at RestaurantApp.main(RestaurantApp.java:34)

[Fri May 01 16:24:57 EDT 2026] top-level
java.sql.SQLException: ORA-17003: Invalid column index
https://docs.oracle.com/error-help/db/ora-17003/
	at oracle.jdbc.driver.OraclePreparedStatement.setFormOfUseInternal(OraclePreparedStatement.java:11915)
	at oracle.jdbc.driver.OraclePreparedStatement.setFormOfUseInternal(OraclePreparedStatement.java:11896)
	at oracle.jdbc.driver.OraclePreparedStatement.setString(OraclePreparedStatement.java:5609)
	at oracle.jdbc.driver.OraclePreparedStatementWrapper.setString(OraclePreparedStatementWrapper.java:263)
	at CustomerUI.pickBaseItem(CustomerUI.java:1310)
	at CustomerUI.buildCustomItem(CustomerUI.java:1170)
	at CustomerUI.customerHome(CustomerUI.java:208)
	at CustomerUI.run(CustomerUI.java:33)
	at RestaurantApp.runApp(RestaurantApp.java:55)
	at RestaurantApp.main(RestaurantApp.java:32)

